<?xml version="1.0" encoding="UTF-8"?>
<!-- Generated by org.testng.reporters.JUnitXMLReporter -->
<testsuite ignored="0" hostname="DESKTOP-G4IK11Q" failures="1" tests="5" name="Test" time="0.907" errors="0" timestamp="2023-08-09T15:38:28 IST">
  <testcase classname="testNg.ListnerStudy" name="Test2" time="0.179"/>
  <testcase classname="testNg.ListnerStudy" name="Test3" time="0.023">
    <failure type="java.lang.AssertionError" message="null">
      <![CDATA[java.lang.AssertionError: null
at testNg.ListnerStudy.Test3(ListnerStudy.java:23)
at java.base/java.util.ArrayList.forEach(ArrayList.java:1511)
... Removed 29 stack frames]]>
    </failure>
  </testcase> <!-- Test3 -->
  <testcase classname="testNg.ListnerStudy" name="Test4" time="0.051"/>
  <testcase classname="testNg.ListnerStudy" name="Test1" time="0.012"/>
  <testcase classname="testNg.ListnerStudy" name="Test5" time="0.0">
    <skipped/>
  </testcase> <!-- Test5 -->
</testsuite> <!-- Test -->
